2018-03-05 21:58:35.628  INFO 3448 --- [restartedMain] F.S.SpringbootWebApplication             : Starting SpringbootWebApplication on DESKTOP-8QHF7JP with PID 3448 (E:\Users\83990\eclipse-workspace\SpringbootWeb\SpringbootWeb\target\classes started by 83990 in E:\Users\83990\eclipse-workspace\SpringbootWeb\SpringbootWeb)
2018-03-05 21:58:35.628  INFO 3448 --- [restartedMain] F.S.SpringbootWebApplication             : No active profile set, falling back to default profiles: default
2018-03-05 21:58:35.631  INFO 3448 --- [restartedMain] ationConfigEmbeddedWebApplicationContext : Refreshing org.springframework.boot.context.embedded.AnnotationConfigEmbeddedWebApplicationContext@4aa943eb: startup date [Mon Mar 05 21:58:35 CST 2018]; root of context hierarchy
2018-03-05 21:58:35.958  WARN 3448 --- [restartedMain] o.m.s.mapper.ClassPathMapperScanner      : No MyBatis mapper was found in '[FrankLee.SpringbootWeb]' package. Please check your configuration.
2018-03-05 21:58:36.042  INFO 3448 --- [restartedMain] trationDelegate$BeanPostProcessorChecker : Bean 'org.springframework.transaction.annotation.ProxyTransactionManagementConfiguration' of type [org.springframework.transaction.annotation.ProxyTransactionManagementConfiguration$$EnhancerBySpringCGLIB$$22de894e] is not eligible for getting processed by all BeanPostProcessors (for example: not eligible for auto-proxying)
2018-03-05 21:58:36.125  INFO 3448 --- [restartedMain] s.b.c.e.t.TomcatEmbeddedServletContainer : Tomcat initialized with port(s): 8080 (http)
2018-03-05 21:58:36.126  INFO 3448 --- [restartedMain] o.apache.catalina.core.StandardService   : Starting service [Tomcat]
2018-03-05 21:58:36.126  INFO 3448 --- [restartedMain] org.apache.catalina.core.StandardEngine  : Starting Servlet Engine: Apache Tomcat/8.5.27
2018-03-05 21:58:36.144  INFO 3448 --- [localhost-startStop-1] o.a.c.c.C.[.[.[/SpringbootWeb/demo]      : Initializing Spring embedded WebApplicationContext
2018-03-05 21:58:36.145  INFO 3448 --- [localhost-startStop-1] o.s.web.context.ContextLoader            : Root WebApplicationContext: initialization completed in 514 ms
2018-03-05 21:58:36.182  INFO 3448 --- [localhost-startStop-1] o.s.b.w.servlet.ServletRegistrationBean  : Mapping servlet: 'dispatcherServlet' to [/]
2018-03-05 21:58:36.183  INFO 3448 --- [localhost-startStop-1] o.s.b.w.servlet.FilterRegistrationBean   : Mapping filter: 'characterEncodingFilter' to: [/*]
2018-03-05 21:58:36.183  INFO 3448 --- [localhost-startStop-1] o.s.b.w.servlet.FilterRegistrationBean   : Mapping filter: 'hiddenHttpMethodFilter' to: [/*]
2018-03-05 21:58:36.183  INFO 3448 --- [localhost-startStop-1] o.s.b.w.servlet.FilterRegistrationBean   : Mapping filter: 'httpPutFormContentFilter' to: [/*]
2018-03-05 21:58:36.183  INFO 3448 --- [localhost-startStop-1] o.s.b.w.servlet.FilterRegistrationBean   : Mapping filter: 'requestContextFilter' to: [/*]
2018-03-05 21:58:36.183  INFO 3448 --- [localhost-startStop-1] o.s.b.w.servlet.FilterRegistrationBean   : Mapping filter: 'TestFilter' to urls: [/*]
2018-03-05 21:58:36.310  INFO 3448 --- [restartedMain] j.LocalContainerEntityManagerFactoryBean : Building JPA container EntityManagerFactory for persistence unit 'default'
2018-03-05 21:58:36.328  INFO 3448 --- [restartedMain] j.LocalContainerEntityManagerFactoryBean : Initialized JPA EntityManagerFactory for persistence unit 'default'
2018-03-05 21:58:36.406  INFO 3448 --- [restartedMain] s.w.s.m.m.a.RequestMappingHandlerAdapter : Looking for @ControllerAdvice: org.springframework.boot.context.embedded.AnnotationConfigEmbeddedWebApplicationContext@4aa943eb: startup date [Mon Mar 05 21:58:35 CST 2018]; root of context hierarchy
2018-03-05 21:58:36.416  INFO 3448 --- [restartedMain] s.w.s.m.m.a.RequestMappingHandlerMapping : Mapped "{[/test]}" onto public java.lang.String FrankLee.SpringbootWeb.controller.TestController.TestSpringBoot()
2018-03-05 21:58:36.417  INFO 3448 --- [restartedMain] s.w.s.m.m.a.RequestMappingHandlerMapping : Mapped "{[/error]}" onto public org.springframework.http.ResponseEntity<java.util.Map<java.lang.String, java.lang.Object>> org.springframework.boot.autoconfigure.web.BasicErrorController.error(javax.servlet.http.HttpServletRequest)
2018-03-05 21:58:36.418  INFO 3448 --- [restartedMain] s.w.s.m.m.a.RequestMappingHandlerMapping : Mapped "{[/error],produces=[text/html]}" onto public org.springframework.web.servlet.ModelAndView org.springframework.boot.autoconfigure.web.BasicErrorController.errorHtml(javax.servlet.http.HttpServletRequest,javax.servlet.http.HttpServletResponse)
2018-03-05 21:58:36.424  INFO 3448 --- [restartedMain] o.s.w.s.handler.SimpleUrlHandlerMapping  : Mapped URL path [/webjars/**] onto handler of type [class org.springframework.web.servlet.resource.ResourceHttpRequestHandler]
2018-03-05 21:58:36.424  INFO 3448 --- [restartedMain] o.s.w.s.handler.SimpleUrlHandlerMapping  : Mapped URL path [/**] onto handler of type [class org.springframework.web.servlet.resource.ResourceHttpRequestHandler]
2018-03-05 21:58:36.438  INFO 3448 --- [restartedMain] o.s.w.s.handler.SimpleUrlHandlerMapping  : Mapped URL path [/**/favicon.ico] onto handler of type [class org.springframework.web.servlet.resource.ResourceHttpRequestHandler]
2018-03-05 21:58:36.498  INFO 3448 --- [restartedMain] o.s.b.d.a.OptionalLiveReloadServer       : LiveReload server is running on port 35729
2018-03-05 21:58:36.546  INFO 3448 --- [restartedMain] o.s.j.e.a.AnnotationMBeanExporter        : Registering beans for JMX exposure on startup
2018-03-05 21:58:36.560  INFO 3448 --- [restartedMain] s.b.c.e.t.TomcatEmbeddedServletContainer : Tomcat started on port(s): 8080 (http)
2018-03-05 21:58:36.562  INFO 3448 --- [restartedMain] F.S.SpringbootWebApplication             : Started SpringbootWebApplication in 0.987 seconds (JVM running for 305.847)
2018-03-05 21:58:49.276  INFO 9840 --- [restartedMain] F.S.SpringbootWebApplication             : Starting SpringbootWebApplication on DESKTOP-8QHF7JP with PID 9840 (E:\Users\83990\eclipse-workspace\SpringbootWeb\SpringbootWeb\target\classes started by 83990 in E:\Users\83990\eclipse-workspace\SpringbootWeb\SpringbootWeb)
2018-03-05 21:58:49.277  INFO 9840 --- [restartedMain] F.S.SpringbootWebApplication             : No active profile set, falling back to default profiles: default
2018-03-05 21:58:49.336  INFO 9840 --- [restartedMain] ationConfigEmbeddedWebApplicationContext : Refreshing org.springframework.boot.context.embedded.AnnotationConfigEmbeddedWebApplicationContext@5221841e: startup date [Mon Mar 05 21:58:49 CST 2018]; root of context hierarchy
2018-03-05 21:58:50.105  WARN 9840 --- [restartedMain] o.m.s.mapper.ClassPathMapperScanner      : No MyBatis mapper was found in '[FrankLee.SpringbootWeb]' package. Please check your configuration.
2018-03-05 21:58:50.658  INFO 9840 --- [restartedMain] trationDelegate$BeanPostProcessorChecker : Bean 'org.springframework.transaction.annotation.ProxyTransactionManagementConfiguration' of type [org.springframework.transaction.annotation.ProxyTransactionManagementConfiguration$$EnhancerBySpringCGLIB$$2791f910] is not eligible for getting processed by all BeanPostProcessors (for example: not eligible for auto-proxying)
2018-03-05 21:58:51.299  INFO 9840 --- [restartedMain] s.b.c.e.t.TomcatEmbeddedServletContainer : Tomcat initialized with port(s): 8080 (http)
2018-03-05 21:58:51.315  INFO 9840 --- [restartedMain] o.apache.catalina.core.StandardService   : Starting service [Tomcat]
2018-03-05 21:58:51.316  INFO 9840 --- [restartedMain] org.apache.catalina.core.StandardEngine  : Starting Servlet Engine: Apache Tomcat/8.5.27
2018-03-05 21:58:51.448  INFO 9840 --- [localhost-startStop-1] o.a.c.c.C.[.[.[/SpringbootWeb/demo]      : Initializing Spring embedded WebApplicationContext
2018-03-05 21:58:51.449  INFO 9840 --- [localhost-startStop-1] o.s.web.context.ContextLoader            : Root WebApplicationContext: initialization completed in 2116 ms
2018-03-05 21:58:51.661  INFO 9840 --- [localhost-startStop-1] o.s.b.w.servlet.ServletRegistrationBean  : Mapping servlet: 'dispatcherServlet' to [/]
2018-03-05 21:58:51.666  INFO 9840 --- [localhost-startStop-1] o.s.b.w.servlet.FilterRegistrationBean   : Mapping filter: 'characterEncodingFilter' to: [/*]
2018-03-05 21:58:51.667  INFO 9840 --- [localhost-startStop-1] o.s.b.w.servlet.FilterRegistrationBean   : Mapping filter: 'hiddenHttpMethodFilter' to: [/*]
2018-03-05 21:58:51.667  INFO 9840 --- [localhost-startStop-1] o.s.b.w.servlet.FilterRegistrationBean   : Mapping filter: 'httpPutFormContentFilter' to: [/*]
2018-03-05 21:58:51.667  INFO 9840 --- [localhost-startStop-1] o.s.b.w.servlet.FilterRegistrationBean   : Mapping filter: 'requestContextFilter' to: [/*]
2018-03-05 21:58:51.667  INFO 9840 --- [localhost-startStop-1] o.s.b.w.servlet.FilterRegistrationBean   : Mapping filter: 'TestFilter' to urls: [/*]
2018-03-05 21:58:52.376  INFO 9840 --- [restartedMain] j.LocalContainerEntityManagerFactoryBean : Building JPA container EntityManagerFactory for persistence unit 'default'
2018-03-05 21:58:52.989  INFO 9840 --- [restartedMain] j.LocalContainerEntityManagerFactoryBean : Initialized JPA EntityManagerFactory for persistence unit 'default'
2018-03-05 21:58:53.356  INFO 9840 --- [restartedMain] s.w.s.m.m.a.RequestMappingHandlerAdapter : Looking for @ControllerAdvice: org.springframework.boot.context.embedded.AnnotationConfigEmbeddedWebApplicationContext@5221841e: startup date [Mon Mar 05 21:58:49 CST 2018]; root of context hierarchy
2018-03-05 21:58:53.472  INFO 9840 --- [restartedMain] s.w.s.m.m.a.RequestMappingHandlerMapping : Mapped "{[/test]}" onto public java.lang.String FrankLee.SpringbootWeb.controller.TestController.TestSpringBoot()
2018-03-05 21:58:53.477  INFO 9840 --- [restartedMain] s.w.s.m.m.a.RequestMappingHandlerMapping : Mapped "{[/error]}" onto public org.springframework.http.ResponseEntity<java.util.Map<java.lang.String, java.lang.Object>> org.springframework.boot.autoconfigure.web.BasicErrorController.error(javax.servlet.http.HttpServletRequest)
2018-03-05 21:58:53.478  INFO 9840 --- [restartedMain] s.w.s.m.m.a.RequestMappingHandlerMapping : Mapped "{[/error],produces=[text/html]}" onto public org.springframework.web.servlet.ModelAndView org.springframework.boot.autoconfigure.web.BasicErrorController.errorHtml(javax.servlet.http.HttpServletRequest,javax.servlet.http.HttpServletResponse)
2018-03-05 21:58:53.536  INFO 9840 --- [restartedMain] o.s.w.s.handler.SimpleUrlHandlerMapping  : Mapped URL path [/webjars/**] onto handler of type [class org.springframework.web.servlet.resource.ResourceHttpRequestHandler]
2018-03-05 21:58:53.536  INFO 9840 --- [restartedMain] o.s.w.s.handler.SimpleUrlHandlerMapping  : Mapped URL path [/**] onto handler of type [class org.springframework.web.servlet.resource.ResourceHttpRequestHandler]
2018-03-05 21:58:53.596  INFO 9840 --- [restartedMain] o.s.w.s.handler.SimpleUrlHandlerMapping  : Mapped URL path [/**/favicon.ico] onto handler of type [class org.springframework.web.servlet.resource.ResourceHttpRequestHandler]
2018-03-05 21:58:53.992  INFO 9840 --- [restartedMain] o.s.b.d.a.OptionalLiveReloadServer       : LiveReload server is running on port 35729
2018-03-05 21:58:54.067  INFO 9840 --- [restartedMain] o.s.j.e.a.AnnotationMBeanExporter        : Registering beans for JMX exposure on startup
2018-03-05 21:58:54.135  INFO 9840 --- [restartedMain] s.b.c.e.t.TomcatEmbeddedServletContainer : Tomcat started on port(s): 8080 (http)
2018-03-05 21:58:54.140  INFO 9840 --- [restartedMain] F.S.SpringbootWebApplication             : Started SpringbootWebApplication in 5.281 seconds (JVM running for 5.835)
2018-03-05 21:59:00.445  INFO 9840 --- [http-nio-192.168.1.112-8080-exec-1] o.a.c.c.C.[.[.[/SpringbootWeb/demo]      : Initializing Spring FrameworkServlet 'dispatcherServlet'
2018-03-05 21:59:00.445  INFO 9840 --- [http-nio-192.168.1.112-8080-exec-1] o.s.web.servlet.DispatcherServlet        : FrameworkServlet 'dispatcherServlet': initialization started
2018-03-05 21:59:00.473  INFO 9840 --- [http-nio-192.168.1.112-8080-exec-1] o.s.web.servlet.DispatcherServlet        : FrameworkServlet 'dispatcherServlet': initialization completed in 28 ms
2018-03-05 22:00:01.234  INFO 12760 --- [restartedMain] F.S.SpringbootWebApplication             : Starting SpringbootWebApplication on DESKTOP-8QHF7JP with PID 12760 (E:\Users\83990\eclipse-workspace\SpringbootWeb\SpringbootWeb\target\classes started by 83990 in E:\Users\83990\eclipse-workspace\SpringbootWeb\SpringbootWeb)
2018-03-05 22:00:01.235  INFO 12760 --- [restartedMain] F.S.SpringbootWebApplication             : No active profile set, falling back to default profiles: default
2018-03-05 22:00:01.292  INFO 12760 --- [restartedMain] ationConfigEmbeddedWebApplicationContext : Refreshing org.springframework.boot.context.embedded.AnnotationConfigEmbeddedWebApplicationContext@5221841e: startup date [Mon Mar 05 22:00:01 CST 2018]; root of context hierarchy
2018-03-05 22:00:02.069  WARN 12760 --- [restartedMain] o.m.s.mapper.ClassPathMapperScanner      : No MyBatis mapper was found in '[FrankLee.SpringbootWeb]' package. Please check your configuration.
2018-03-05 22:00:02.681  INFO 12760 --- [restartedMain] trationDelegate$BeanPostProcessorChecker : Bean 'org.springframework.transaction.annotation.ProxyTransactionManagementConfiguration' of type [org.springframework.transaction.annotation.ProxyTransactionManagementConfiguration$$EnhancerBySpringCGLIB$$2791f910] is not eligible for getting processed by all BeanPostProcessors (for example: not eligible for auto-proxying)
2018-03-05 22:00:03.343  INFO 12760 --- [restartedMain] s.b.c.e.t.TomcatEmbeddedServletContainer : Tomcat initialized with port(s): 8080 (http)
2018-03-05 22:00:03.363  INFO 12760 --- [restartedMain] o.apache.catalina.core.StandardService   : Starting service [Tomcat]
2018-03-05 22:00:03.365  INFO 12760 --- [restartedMain] org.apache.catalina.core.StandardEngine  : Starting Servlet Engine: Apache Tomcat/8.5.27
2018-03-05 22:00:03.511  INFO 12760 --- [localhost-startStop-1] o.a.c.c.C.[.[.[/SpringbootWeb/demo]      : Initializing Spring embedded WebApplicationContext
2018-03-05 22:00:03.511  INFO 12760 --- [localhost-startStop-1] o.s.web.context.ContextLoader            : Root WebApplicationContext: initialization completed in 2222 ms
2018-03-05 22:00:03.759  INFO 12760 --- [localhost-startStop-1] o.s.b.w.servlet.ServletRegistrationBean  : Mapping servlet: 'dispatcherServlet' to [/]
2018-03-05 22:00:03.764  INFO 12760 --- [localhost-startStop-1] o.s.b.w.servlet.FilterRegistrationBean   : Mapping filter: 'characterEncodingFilter' to: [/*]
2018-03-05 22:00:03.764  INFO 12760 --- [localhost-startStop-1] o.s.b.w.servlet.FilterRegistrationBean   : Mapping filter: 'hiddenHttpMethodFilter' to: [/*]
2018-03-05 22:00:03.764  INFO 12760 --- [localhost-startStop-1] o.s.b.w.servlet.FilterRegistrationBean   : Mapping filter: 'httpPutFormContentFilter' to: [/*]
2018-03-05 22:00:03.765  INFO 12760 --- [localhost-startStop-1] o.s.b.w.servlet.FilterRegistrationBean   : Mapping filter: 'requestContextFilter' to: [/*]
2018-03-05 22:00:03.765  INFO 12760 --- [localhost-startStop-1] o.s.b.w.servlet.FilterRegistrationBean   : Mapping filter: 'TestFilter' to urls: [/*]
2018-03-05 22:00:04.479  INFO 12760 --- [restartedMain] j.LocalContainerEntityManagerFactoryBean : Building JPA container EntityManagerFactory for persistence unit 'default'
2018-03-05 22:00:05.082  INFO 12760 --- [restartedMain] j.LocalContainerEntityManagerFactoryBean : Initialized JPA EntityManagerFactory for persistence unit 'default'
2018-03-05 22:00:05.454  INFO 12760 --- [restartedMain] s.w.s.m.m.a.RequestMappingHandlerAdapter : Looking for @ControllerAdvice: org.springframework.boot.context.embedded.AnnotationConfigEmbeddedWebApplicationContext@5221841e: startup date [Mon Mar 05 22:00:01 CST 2018]; root of context hierarchy
2018-03-05 22:00:05.558  INFO 12760 --- [restartedMain] s.w.s.m.m.a.RequestMappingHandlerMapping : Mapped "{[/test]}" onto public java.lang.String FrankLee.SpringbootWeb.controller.TestController.TestSpringBoot()
2018-03-05 22:00:05.562  INFO 12760 --- [restartedMain] s.w.s.m.m.a.RequestMappingHandlerMapping : Mapped "{[/error]}" onto public org.springframework.http.ResponseEntity<java.util.Map<java.lang.String, java.lang.Object>> org.springframework.boot.autoconfigure.web.BasicErrorController.error(javax.servlet.http.HttpServletRequest)
2018-03-05 22:00:05.562  INFO 12760 --- [restartedMain] s.w.s.m.m.a.RequestMappingHandlerMapping : Mapped "{[/error],produces=[text/html]}" onto public org.springframework.web.servlet.ModelAndView org.springframework.boot.autoconfigure.web.BasicErrorController.errorHtml(javax.servlet.http.HttpServletRequest,javax.servlet.http.HttpServletResponse)
2018-03-05 22:00:05.595  INFO 12760 --- [restartedMain] o.s.w.s.handler.SimpleUrlHandlerMapping  : Mapped URL path [/webjars/**] onto handler of type [class org.springframework.web.servlet.resource.ResourceHttpRequestHandler]
2018-03-05 22:00:05.595  INFO 12760 --- [restartedMain] o.s.w.s.handler.SimpleUrlHandlerMapping  : Mapped URL path [/**] onto handler of type [class org.springframework.web.servlet.resource.ResourceHttpRequestHandler]
2018-03-05 22:00:05.650  INFO 12760 --- [restartedMain] o.s.w.s.handler.SimpleUrlHandlerMapping  : Mapped URL path [/**/favicon.ico] onto handler of type [class org.springframework.web.servlet.resource.ResourceHttpRequestHandler]
2018-03-05 22:00:06.015  INFO 12760 --- [restartedMain] o.s.b.d.a.OptionalLiveReloadServer       : LiveReload server is running on port 35729
2018-03-05 22:00:06.093  INFO 12760 --- [restartedMain] o.s.j.e.a.AnnotationMBeanExporter        : Registering beans for JMX exposure on startup
2018-03-05 22:00:06.158  INFO 12760 --- [restartedMain] s.b.c.e.t.TomcatEmbeddedServletContainer : Tomcat started on port(s): 8080 (http)
2018-03-05 22:00:06.163  INFO 12760 --- [restartedMain] F.S.SpringbootWebApplication             : Started SpringbootWebApplication in 5.349 seconds (JVM running for 5.886)
2018-03-05 22:04:43.027  INFO 12760 --- [Thread-7] ationConfigEmbeddedWebApplicationContext : Closing org.springframework.boot.context.embedded.AnnotationConfigEmbeddedWebApplicationContext@5221841e: startup date [Mon Mar 05 22:00:01 CST 2018]; root of context hierarchy
2018-03-05 22:04:43.030  INFO 12760 --- [Thread-7] o.s.j.e.a.AnnotationMBeanExporter        : Unregistering JMX-exposed beans on shutdown
2018-03-05 22:04:43.031  INFO 12760 --- [Thread-7] j.LocalContainerEntityManagerFactoryBean : Closing JPA EntityManagerFactory for persistence unit 'default'
2018-03-05 22:04:43.320  INFO 12760 --- [restartedMain] F.S.SpringbootWebApplication             : Starting SpringbootWebApplication on DESKTOP-8QHF7JP with PID 12760 (E:\Users\83990\eclipse-workspace\SpringbootWeb\SpringbootWeb\target\classes started by 83990 in E:\Users\83990\eclipse-workspace\SpringbootWeb\SpringbootWeb)
2018-03-05 22:04:43.320  INFO 12760 --- [restartedMain] F.S.SpringbootWebApplication             : No active profile set, falling back to default profiles: default
2018-03-05 22:04:43.323  INFO 12760 --- [restartedMain] ationConfigEmbeddedWebApplicationContext : Refreshing org.springframework.boot.context.embedded.AnnotationConfigEmbeddedWebApplicationContext@102ad3ca: startup date [Mon Mar 05 22:04:43 CST 2018]; root of context hierarchy
2018-03-05 22:04:43.721  WARN 12760 --- [restartedMain] o.m.s.mapper.ClassPathMapperScanner      : No MyBatis mapper was found in '[FrankLee.SpringbootWeb]' package. Please check your configuration.
2018-03-05 22:04:43.815  INFO 12760 --- [restartedMain] trationDelegate$BeanPostProcessorChecker : Bean 'org.springframework.transaction.annotation.ProxyTransactionManagementConfiguration' of type [org.springframework.transaction.annotation.ProxyTransactionManagementConfiguration$$EnhancerBySpringCGLIB$$2791f910] is not eligible for getting processed by all BeanPostProcessors (for example: not eligible for auto-proxying)
2018-03-05 22:04:43.903  INFO 12760 --- [restartedMain] s.b.c.e.t.TomcatEmbeddedServletContainer : Tomcat initialized with port(s): 8080 (http)
2018-03-05 22:04:43.904  INFO 12760 --- [restartedMain] o.apache.catalina.core.StandardService   : Starting service [Tomcat]
2018-03-05 22:04:43.904  INFO 12760 --- [restartedMain] org.apache.catalina.core.StandardEngine  : Starting Servlet Engine: Apache Tomcat/8.5.27
2018-03-05 22:04:43.924  INFO 12760 --- [localhost-startStop-1] o.a.c.c.C.[.[.[/SpringbootWeb/demo]      : Initializing Spring embedded WebApplicationContext
2018-03-05 22:04:43.925  INFO 12760 --- [localhost-startStop-1] o.s.web.context.ContextLoader            : Root WebApplicationContext: initialization completed in 602 ms
2018-03-05 22:04:43.967  INFO 12760 --- [localhost-startStop-1] o.s.b.w.servlet.ServletRegistrationBean  : Mapping servlet: 'dispatcherServlet' to [/]
2018-03-05 22:04:43.967  INFO 12760 --- [localhost-startStop-1] o.s.b.w.servlet.FilterRegistrationBean   : Mapping filter: 'characterEncodingFilter' to: [/*]
2018-03-05 22:04:43.968  INFO 12760 --- [localhost-startStop-1] o.s.b.w.servlet.FilterRegistrationBean   : Mapping filter: 'hiddenHttpMethodFilter' to: [/*]
2018-03-05 22:04:43.968  INFO 12760 --- [localhost-startStop-1] o.s.b.w.servlet.FilterRegistrationBean   : Mapping filter: 'httpPutFormContentFilter' to: [/*]
2018-03-05 22:04:43.968  INFO 12760 --- [localhost-startStop-1] o.s.b.w.servlet.FilterRegistrationBean   : Mapping filter: 'requestContextFilter' to: [/*]
2018-03-05 22:04:43.968  INFO 12760 --- [localhost-startStop-1] o.s.b.w.servlet.FilterRegistrationBean   : Mapping filter: 'TestFilter' to urls: [/*]
2018-03-05 22:04:44.135  INFO 12760 --- [restartedMain] j.LocalContainerEntityManagerFactoryBean : Building JPA container EntityManagerFactory for persistence unit 'default'
2018-03-05 22:04:44.155  INFO 12760 --- [restartedMain] j.LocalContainerEntityManagerFactoryBean : Initialized JPA EntityManagerFactory for persistence unit 'default'
2018-03-05 22:04:44.250  INFO 12760 --- [restartedMain] s.w.s.m.m.a.RequestMappingHandlerAdapter : Looking for @ControllerAdvice: org.springframework.boot.context.embedded.AnnotationConfigEmbeddedWebApplicationContext@102ad3ca: startup date [Mon Mar 05 22:04:43 CST 2018]; root of context hierarchy
2018-03-05 22:04:44.261  INFO 12760 --- [restartedMain] s.w.s.m.m.a.RequestMappingHandlerMapping : Mapped "{[/test]}" onto public java.lang.String FrankLee.SpringbootWeb.controller.TestController.TestSpringBoot()
2018-03-05 22:04:44.264  INFO 12760 --- [restartedMain] s.w.s.m.m.a.RequestMappingHandlerMapping : Mapped "{[/error]}" onto public org.springframework.http.ResponseEntity<java.util.Map<java.lang.String, java.lang.Object>> org.springframework.boot.autoconfigure.web.BasicErrorController.error(javax.servlet.http.HttpServletRequest)
2018-03-05 22:04:44.264  INFO 12760 --- [restartedMain] s.w.s.m.m.a.RequestMappingHandlerMapping : Mapped "{[/error],produces=[text/html]}" onto public org.springframework.web.servlet.ModelAndView org.springframework.boot.autoconfigure.web.BasicErrorController.errorHtml(javax.servlet.http.HttpServletRequest,javax.servlet.http.HttpServletResponse)
2018-03-05 22:04:44.274  INFO 12760 --- [restartedMain] o.s.w.s.handler.SimpleUrlHandlerMapping  : Mapped URL path [/webjars/**] onto handler of type [class org.springframework.web.servlet.resource.ResourceHttpRequestHandler]
2018-03-05 22:04:44.274  INFO 12760 --- [restartedMain] o.s.w.s.handler.SimpleUrlHandlerMapping  : Mapped URL path [/**] onto handler of type [class org.springframework.web.servlet.resource.ResourceHttpRequestHandler]
2018-03-05 22:04:44.288  INFO 12760 --- [restartedMain] o.s.w.s.handler.SimpleUrlHandlerMapping  : Mapped URL path [/**/favicon.ico] onto handler of type [class org.springframework.web.servlet.resource.ResourceHttpRequestHandler]
2018-03-05 22:04:44.356  INFO 12760 --- [restartedMain] o.s.b.d.a.OptionalLiveReloadServer       : LiveReload server is running on port 35729
2018-03-05 22:04:44.432  INFO 12760 --- [restartedMain] o.s.j.e.a.AnnotationMBeanExporter        : Registering beans for JMX exposure on startup
2018-03-05 22:04:44.447  INFO 12760 --- [restartedMain] s.b.c.e.t.TomcatEmbeddedServletContainer : Tomcat started on port(s): 8080 (http)
2018-03-05 22:04:44.449  INFO 12760 --- [restartedMain] F.S.SpringbootWebApplication             : Started SpringbootWebApplication in 1.187 seconds (JVM running for 284.171)
2018-03-05 22:06:09.948  INFO 12760 --- [Thread-11] ationConfigEmbeddedWebApplicationContext : Closing org.springframework.boot.context.embedded.AnnotationConfigEmbeddedWebApplicationContext@102ad3ca: startup date [Mon Mar 05 22:04:43 CST 2018]; root of context hierarchy
2018-03-05 22:06:09.949  INFO 12760 --- [Thread-11] o.s.j.e.a.AnnotationMBeanExporter        : Unregistering JMX-exposed beans on shutdown
2018-03-05 22:06:09.950  INFO 12760 --- [Thread-11] j.LocalContainerEntityManagerFactoryBean : Closing JPA EntityManagerFactory for persistence unit 'default'
