2018-03-05 21:45:32.425  INFO 10388 --- [restartedMain] F.S.SpringbootWebApplication             : Starting SpringbootWebApplication on DESKTOP-8QHF7JP with PID 10388 (E:\Users\83990\eclipse-workspace\SpringbootWeb\SpringbootWeb\target\classes started by 83990 in E:\Users\83990\eclipse-workspace\SpringbootWeb\SpringbootWeb)
2018-03-05 21:45:32.427  INFO 10388 --- [restartedMain] F.S.SpringbootWebApplication             : No active profile set, falling back to default profiles: default
2018-03-05 21:45:32.499  INFO 10388 --- [restartedMain] ationConfigEmbeddedWebApplicationContext : Refreshing org.springframework.boot.context.embedded.AnnotationConfigEmbeddedWebApplicationContext@189dbde8: startup date [Mon Mar 05 21:45:32 CST 2018]; root of context hierarchy
2018-03-05 21:45:33.453  WARN 10388 --- [restartedMain] o.m.s.mapper.ClassPathMapperScanner      : No MyBatis mapper was found in '[FrankLee.SpringbootWeb]' package. Please check your configuration.
2018-03-05 21:45:34.017  INFO 10388 --- [restartedMain] trationDelegate$BeanPostProcessorChecker : Bean 'org.springframework.transaction.annotation.ProxyTransactionManagementConfiguration' of type [org.springframework.transaction.annotation.ProxyTransactionManagementConfiguration$$EnhancerBySpringCGLIB$$fe1673d6] is not eligible for getting processed by all BeanPostProcessors (for example: not eligible for auto-proxying)
2018-03-05 21:45:34.728  INFO 10388 --- [restartedMain] s.b.c.e.t.TomcatEmbeddedServletContainer : Tomcat initialized with port(s): 8080 (http)
2018-03-05 21:45:34.747  INFO 10388 --- [restartedMain] o.apache.catalina.core.StandardService   : Starting service [Tomcat]
2018-03-05 21:45:34.749  INFO 10388 --- [restartedMain] org.apache.catalina.core.StandardEngine  : Starting Servlet Engine: Apache Tomcat/8.5.27
2018-03-05 21:45:34.887  INFO 10388 --- [localhost-startStop-1] o.a.c.c.C.[.[.[/SpringbootWeb/demo]      : Initializing Spring embedded WebApplicationContext
2018-03-05 21:45:34.888  INFO 10388 --- [localhost-startStop-1] o.s.web.context.ContextLoader            : Root WebApplicationContext: initialization completed in 2392 ms
2018-03-05 21:45:35.104  INFO 10388 --- [localhost-startStop-1] o.s.b.w.servlet.ServletRegistrationBean  : Mapping servlet: 'dispatcherServlet' to [/]
2018-03-05 21:45:35.109  INFO 10388 --- [localhost-startStop-1] o.s.b.w.servlet.FilterRegistrationBean   : Mapping filter: 'characterEncodingFilter' to: [/*]
2018-03-05 21:45:35.110  INFO 10388 --- [localhost-startStop-1] o.s.b.w.servlet.FilterRegistrationBean   : Mapping filter: 'hiddenHttpMethodFilter' to: [/*]
2018-03-05 21:45:35.110  INFO 10388 --- [localhost-startStop-1] o.s.b.w.servlet.FilterRegistrationBean   : Mapping filter: 'httpPutFormContentFilter' to: [/*]
2018-03-05 21:45:35.110  INFO 10388 --- [localhost-startStop-1] o.s.b.w.servlet.FilterRegistrationBean   : Mapping filter: 'requestContextFilter' to: [/*]
2018-03-05 21:45:35.110  INFO 10388 --- [localhost-startStop-1] o.s.b.w.servlet.FilterRegistrationBean   : Mapping filter: 'TestFilter' to urls: [/*]
2018-03-05 21:45:35.849  INFO 10388 --- [restartedMain] j.LocalContainerEntityManagerFactoryBean : Building JPA container EntityManagerFactory for persistence unit 'default'
2018-03-05 21:45:36.591  INFO 10388 --- [restartedMain] j.LocalContainerEntityManagerFactoryBean : Initialized JPA EntityManagerFactory for persistence unit 'default'
2018-03-05 21:45:36.984  INFO 10388 --- [restartedMain] s.w.s.m.m.a.RequestMappingHandlerAdapter : Looking for @ControllerAdvice: org.springframework.boot.context.embedded.AnnotationConfigEmbeddedWebApplicationContext@189dbde8: startup date [Mon Mar 05 21:45:32 CST 2018]; root of context hierarchy
2018-03-05 21:45:37.084  INFO 10388 --- [restartedMain] s.w.s.m.m.a.RequestMappingHandlerMapping : Mapped "{[/test]}" onto public java.lang.String FrankLee.SpringbootWeb.controller.TestController.TestSpringBoot()
2018-03-05 21:45:37.088  INFO 10388 --- [restartedMain] s.w.s.m.m.a.RequestMappingHandlerMapping : Mapped "{[/error]}" onto public org.springframework.http.ResponseEntity<java.util.Map<java.lang.String, java.lang.Object>> org.springframework.boot.autoconfigure.web.BasicErrorController.error(javax.servlet.http.HttpServletRequest)
2018-03-05 21:45:37.088  INFO 10388 --- [restartedMain] s.w.s.m.m.a.RequestMappingHandlerMapping : Mapped "{[/error],produces=[text/html]}" onto public org.springframework.web.servlet.ModelAndView org.springframework.boot.autoconfigure.web.BasicErrorController.errorHtml(javax.servlet.http.HttpServletRequest,javax.servlet.http.HttpServletResponse)
2018-03-05 21:45:37.122  INFO 10388 --- [restartedMain] o.s.w.s.handler.SimpleUrlHandlerMapping  : Mapped URL path [/webjars/**] onto handler of type [class org.springframework.web.servlet.resource.ResourceHttpRequestHandler]
2018-03-05 21:45:37.123  INFO 10388 --- [restartedMain] o.s.w.s.handler.SimpleUrlHandlerMapping  : Mapped URL path [/**] onto handler of type [class org.springframework.web.servlet.resource.ResourceHttpRequestHandler]
2018-03-05 21:45:37.181  INFO 10388 --- [restartedMain] o.s.w.s.handler.SimpleUrlHandlerMapping  : Mapped URL path [/**/favicon.ico] onto handler of type [class org.springframework.web.servlet.resource.ResourceHttpRequestHandler]
2018-03-05 21:45:37.573  INFO 10388 --- [restartedMain] o.s.b.d.a.OptionalLiveReloadServer       : LiveReload server is running on port 35729
2018-03-05 21:45:37.646  INFO 10388 --- [restartedMain] o.s.j.e.a.AnnotationMBeanExporter        : Registering beans for JMX exposure on startup
2018-03-05 21:45:37.728  INFO 10388 --- [restartedMain] s.b.c.e.t.TomcatEmbeddedServletContainer : Tomcat started on port(s): 8080 (http)
2018-03-05 21:45:37.734  INFO 10388 --- [restartedMain] F.S.SpringbootWebApplication             : Started SpringbootWebApplication in 5.778 seconds (JVM running for 6.376)
2018-03-05 21:46:47.211  INFO 10388 --- [http-nio-192.168.1.112-8080-exec-1] o.a.c.c.C.[.[.[/SpringbootWeb/demo]      : Initializing Spring FrameworkServlet 'dispatcherServlet'
2018-03-05 21:46:47.212  INFO 10388 --- [http-nio-192.168.1.112-8080-exec-1] o.s.web.servlet.DispatcherServlet        : FrameworkServlet 'dispatcherServlet': initialization started
2018-03-05 21:46:47.239  INFO 10388 --- [http-nio-192.168.1.112-8080-exec-1] o.s.web.servlet.DispatcherServlet        : FrameworkServlet 'dispatcherServlet': initialization completed in 27 ms
2018-03-05 21:47:48.669  INFO 7840 --- [restartedMain] F.S.SpringbootWebApplication             : Starting SpringbootWebApplication on DESKTOP-8QHF7JP with PID 7840 (E:\Users\83990\eclipse-workspace\SpringbootWeb\SpringbootWeb\target\classes started by 83990 in E:\Users\83990\eclipse-workspace\SpringbootWeb\SpringbootWeb)
2018-03-05 21:47:48.670  INFO 7840 --- [restartedMain] F.S.SpringbootWebApplication             : No active profile set, falling back to default profiles: default
2018-03-05 21:47:48.731  INFO 7840 --- [restartedMain] ationConfigEmbeddedWebApplicationContext : Refreshing org.springframework.boot.context.embedded.AnnotationConfigEmbeddedWebApplicationContext@381c7af4: startup date [Mon Mar 05 21:47:48 CST 2018]; root of context hierarchy
2018-03-05 21:47:49.492  WARN 7840 --- [restartedMain] o.m.s.mapper.ClassPathMapperScanner      : No MyBatis mapper was found in '[FrankLee.SpringbootWeb]' package. Please check your configuration.
2018-03-05 21:47:50.053  INFO 7840 --- [restartedMain] trationDelegate$BeanPostProcessorChecker : Bean 'org.springframework.transaction.annotation.ProxyTransactionManagementConfiguration' of type [org.springframework.transaction.annotation.ProxyTransactionManagementConfiguration$$EnhancerBySpringCGLIB$$2791f910] is not eligible for getting processed by all BeanPostProcessors (for example: not eligible for auto-proxying)
2018-03-05 21:47:50.704  INFO 7840 --- [restartedMain] s.b.c.e.t.TomcatEmbeddedServletContainer : Tomcat initialized with port(s): 8080 (http)
2018-03-05 21:47:50.720  INFO 7840 --- [restartedMain] o.apache.catalina.core.StandardService   : Starting service [Tomcat]
2018-03-05 21:47:50.722  INFO 7840 --- [restartedMain] org.apache.catalina.core.StandardEngine  : Starting Servlet Engine: Apache Tomcat/8.5.27
2018-03-05 21:47:50.864  INFO 7840 --- [localhost-startStop-1] o.a.c.c.C.[.[.[/SpringbootWeb/demo]      : Initializing Spring embedded WebApplicationContext
2018-03-05 21:47:50.864  INFO 7840 --- [localhost-startStop-1] o.s.web.context.ContextLoader            : Root WebApplicationContext: initialization completed in 2136 ms
2018-03-05 21:47:51.073  INFO 7840 --- [localhost-startStop-1] o.s.b.w.servlet.ServletRegistrationBean  : Mapping servlet: 'dispatcherServlet' to [/]
2018-03-05 21:47:51.077  INFO 7840 --- [localhost-startStop-1] o.s.b.w.servlet.FilterRegistrationBean   : Mapping filter: 'characterEncodingFilter' to: [/*]
2018-03-05 21:47:51.078  INFO 7840 --- [localhost-startStop-1] o.s.b.w.servlet.FilterRegistrationBean   : Mapping filter: 'hiddenHttpMethodFilter' to: [/*]
2018-03-05 21:47:51.078  INFO 7840 --- [localhost-startStop-1] o.s.b.w.servlet.FilterRegistrationBean   : Mapping filter: 'httpPutFormContentFilter' to: [/*]
2018-03-05 21:47:51.078  INFO 7840 --- [localhost-startStop-1] o.s.b.w.servlet.FilterRegistrationBean   : Mapping filter: 'requestContextFilter' to: [/*]
2018-03-05 21:47:51.078  INFO 7840 --- [localhost-startStop-1] o.s.b.w.servlet.FilterRegistrationBean   : Mapping filter: 'TestFilter' to urls: [/*]
2018-03-05 21:47:51.769  INFO 7840 --- [restartedMain] j.LocalContainerEntityManagerFactoryBean : Building JPA container EntityManagerFactory for persistence unit 'default'
2018-03-05 21:47:52.372  INFO 7840 --- [restartedMain] j.LocalContainerEntityManagerFactoryBean : Initialized JPA EntityManagerFactory for persistence unit 'default'
2018-03-05 21:47:52.733  INFO 7840 --- [restartedMain] s.w.s.m.m.a.RequestMappingHandlerAdapter : Looking for @ControllerAdvice: org.springframework.boot.context.embedded.AnnotationConfigEmbeddedWebApplicationContext@381c7af4: startup date [Mon Mar 05 21:47:48 CST 2018]; root of context hierarchy
2018-03-05 21:47:52.826  INFO 7840 --- [restartedMain] s.w.s.m.m.a.RequestMappingHandlerMapping : Mapped "{[/test]}" onto public java.lang.String FrankLee.SpringbootWeb.controller.TestController.TestSpringBoot()
2018-03-05 21:47:52.829  INFO 7840 --- [restartedMain] s.w.s.m.m.a.RequestMappingHandlerMapping : Mapped "{[/error]}" onto public org.springframework.http.ResponseEntity<java.util.Map<java.lang.String, java.lang.Object>> org.springframework.boot.autoconfigure.web.BasicErrorController.error(javax.servlet.http.HttpServletRequest)
2018-03-05 21:47:52.830  INFO 7840 --- [restartedMain] s.w.s.m.m.a.RequestMappingHandlerMapping : Mapped "{[/error],produces=[text/html]}" onto public org.springframework.web.servlet.ModelAndView org.springframework.boot.autoconfigure.web.BasicErrorController.errorHtml(javax.servlet.http.HttpServletRequest,javax.servlet.http.HttpServletResponse)
2018-03-05 21:47:52.865  INFO 7840 --- [restartedMain] o.s.w.s.handler.SimpleUrlHandlerMapping  : Mapped URL path [/webjars/**] onto handler of type [class org.springframework.web.servlet.resource.ResourceHttpRequestHandler]
2018-03-05 21:47:52.865  INFO 7840 --- [restartedMain] o.s.w.s.handler.SimpleUrlHandlerMapping  : Mapped URL path [/**] onto handler of type [class org.springframework.web.servlet.resource.ResourceHttpRequestHandler]
2018-03-05 21:47:52.923  INFO 7840 --- [restartedMain] o.s.w.s.handler.SimpleUrlHandlerMapping  : Mapped URL path [/**/favicon.ico] onto handler of type [class org.springframework.web.servlet.resource.ResourceHttpRequestHandler]
2018-03-05 21:47:53.297  INFO 7840 --- [restartedMain] o.s.b.d.a.OptionalLiveReloadServer       : LiveReload server is running on port 35729
2018-03-05 21:47:53.373  INFO 7840 --- [restartedMain] o.s.j.e.a.AnnotationMBeanExporter        : Registering beans for JMX exposure on startup
2018-03-05 21:47:53.441  INFO 7840 --- [restartedMain] s.b.c.e.t.TomcatEmbeddedServletContainer : Tomcat started on port(s): 8080 (http)
2018-03-05 21:47:53.446  INFO 7840 --- [restartedMain] F.S.SpringbootWebApplication             : Started SpringbootWebApplication in 5.192 seconds (JVM running for 5.734)
2018-03-05 21:50:17.534  INFO 11704 --- [restartedMain] F.S.SpringbootWebApplication             : Starting SpringbootWebApplication on DESKTOP-8QHF7JP with PID 11704 (E:\Users\83990\eclipse-workspace\SpringbootWeb\SpringbootWeb\target\classes started by 83990 in E:\Users\83990\eclipse-workspace\SpringbootWeb\SpringbootWeb)
2018-03-05 21:50:17.535  INFO 11704 --- [restartedMain] F.S.SpringbootWebApplication             : No active profile set, falling back to default profiles: default
2018-03-05 21:50:17.592  INFO 11704 --- [restartedMain] ationConfigEmbeddedWebApplicationContext : Refreshing org.springframework.boot.context.embedded.AnnotationConfigEmbeddedWebApplicationContext@381c7af4: startup date [Mon Mar 05 21:50:17 CST 2018]; root of context hierarchy
2018-03-05 21:50:18.385  WARN 11704 --- [restartedMain] o.m.s.mapper.ClassPathMapperScanner      : No MyBatis mapper was found in '[FrankLee.SpringbootWeb]' package. Please check your configuration.
2018-03-05 21:50:18.944  INFO 11704 --- [restartedMain] trationDelegate$BeanPostProcessorChecker : Bean 'org.springframework.transaction.annotation.ProxyTransactionManagementConfiguration' of type [org.springframework.transaction.annotation.ProxyTransactionManagementConfiguration$$EnhancerBySpringCGLIB$$d0944715] is not eligible for getting processed by all BeanPostProcessors (for example: not eligible for auto-proxying)
2018-03-05 21:50:19.629  INFO 11704 --- [restartedMain] s.b.c.e.t.TomcatEmbeddedServletContainer : Tomcat initialized with port(s): 8080 (http)
2018-03-05 21:50:19.646  INFO 11704 --- [restartedMain] o.apache.catalina.core.StandardService   : Starting service [Tomcat]
2018-03-05 21:50:19.647  INFO 11704 --- [restartedMain] org.apache.catalina.core.StandardEngine  : Starting Servlet Engine: Apache Tomcat/8.5.27
2018-03-05 21:50:19.784  INFO 11704 --- [localhost-startStop-1] o.a.c.c.C.[.[.[/SpringbootWeb/demo]      : Initializing Spring embedded WebApplicationContext
2018-03-05 21:50:19.785  INFO 11704 --- [localhost-startStop-1] o.s.web.context.ContextLoader            : Root WebApplicationContext: initialization completed in 2196 ms
2018-03-05 21:50:19.989  INFO 11704 --- [localhost-startStop-1] o.s.b.w.servlet.ServletRegistrationBean  : Mapping servlet: 'dispatcherServlet' to [/]
2018-03-05 21:50:19.994  INFO 11704 --- [localhost-startStop-1] o.s.b.w.servlet.FilterRegistrationBean   : Mapping filter: 'characterEncodingFilter' to: [/*]
2018-03-05 21:50:19.994  INFO 11704 --- [localhost-startStop-1] o.s.b.w.servlet.FilterRegistrationBean   : Mapping filter: 'hiddenHttpMethodFilter' to: [/*]
2018-03-05 21:50:19.995  INFO 11704 --- [localhost-startStop-1] o.s.b.w.servlet.FilterRegistrationBean   : Mapping filter: 'httpPutFormContentFilter' to: [/*]
2018-03-05 21:50:19.995  INFO 11704 --- [localhost-startStop-1] o.s.b.w.servlet.FilterRegistrationBean   : Mapping filter: 'requestContextFilter' to: [/*]
2018-03-05 21:50:19.995  INFO 11704 --- [localhost-startStop-1] o.s.b.w.servlet.FilterRegistrationBean   : Mapping filter: 'TestFilter' to urls: [/*]
2018-03-05 21:50:20.689  INFO 11704 --- [restartedMain] j.LocalContainerEntityManagerFactoryBean : Building JPA container EntityManagerFactory for persistence unit 'default'
2018-03-05 21:50:21.296  INFO 11704 --- [restartedMain] j.LocalContainerEntityManagerFactoryBean : Initialized JPA EntityManagerFactory for persistence unit 'default'
2018-03-05 21:50:21.658  INFO 11704 --- [restartedMain] s.w.s.m.m.a.RequestMappingHandlerAdapter : Looking for @ControllerAdvice: org.springframework.boot.context.embedded.AnnotationConfigEmbeddedWebApplicationContext@381c7af4: startup date [Mon Mar 05 21:50:17 CST 2018]; root of context hierarchy
2018-03-05 21:50:21.761  INFO 11704 --- [restartedMain] s.w.s.m.m.a.RequestMappingHandlerMapping : Mapped "{[/test]}" onto public java.lang.String FrankLee.SpringbootWeb.controller.TestController.TestSpringBoot()
2018-03-05 21:50:21.766  INFO 11704 --- [restartedMain] s.w.s.m.m.a.RequestMappingHandlerMapping : Mapped "{[/error]}" onto public org.springframework.http.ResponseEntity<java.util.Map<java.lang.String, java.lang.Object>> org.springframework.boot.autoconfigure.web.BasicErrorController.error(javax.servlet.http.HttpServletRequest)
2018-03-05 21:50:21.767  INFO 11704 --- [restartedMain] s.w.s.m.m.a.RequestMappingHandlerMapping : Mapped "{[/error],produces=[text/html]}" onto public org.springframework.web.servlet.ModelAndView org.springframework.boot.autoconfigure.web.BasicErrorController.errorHtml(javax.servlet.http.HttpServletRequest,javax.servlet.http.HttpServletResponse)
2018-03-05 21:50:21.810  INFO 11704 --- [restartedMain] o.s.w.s.handler.SimpleUrlHandlerMapping  : Mapped URL path [/webjars/**] onto handler of type [class org.springframework.web.servlet.resource.ResourceHttpRequestHandler]
2018-03-05 21:50:21.810  INFO 11704 --- [restartedMain] o.s.w.s.handler.SimpleUrlHandlerMapping  : Mapped URL path [/**] onto handler of type [class org.springframework.web.servlet.resource.ResourceHttpRequestHandler]
2018-03-05 21:50:21.856  INFO 11704 --- [restartedMain] o.s.w.s.handler.SimpleUrlHandlerMapping  : Mapped URL path [/**/favicon.ico] onto handler of type [class org.springframework.web.servlet.resource.ResourceHttpRequestHandler]
2018-03-05 21:50:22.226  INFO 11704 --- [restartedMain] o.s.b.d.a.OptionalLiveReloadServer       : LiveReload server is running on port 35729
2018-03-05 21:50:22.300  INFO 11704 --- [restartedMain] o.s.j.e.a.AnnotationMBeanExporter        : Registering beans for JMX exposure on startup
2018-03-05 21:50:22.370  INFO 11704 --- [restartedMain] s.b.c.e.t.TomcatEmbeddedServletContainer : Tomcat started on port(s): 8080 (http)
2018-03-05 21:50:22.375  INFO 11704 --- [restartedMain] F.S.SpringbootWebApplication             : Started SpringbootWebApplication in 5.256 seconds (JVM running for 5.787)
2018-03-05 21:53:29.036  INFO 11704 --- [Thread-7] ationConfigEmbeddedWebApplicationContext : Closing org.springframework.boot.context.embedded.AnnotationConfigEmbeddedWebApplicationContext@381c7af4: startup date [Mon Mar 05 21:50:17 CST 2018]; root of context hierarchy
2018-03-05 21:53:29.038  INFO 11704 --- [Thread-7] o.s.j.e.a.AnnotationMBeanExporter        : Unregistering JMX-exposed beans on shutdown
2018-03-05 21:53:29.040  INFO 11704 --- [Thread-7] j.LocalContainerEntityManagerFactoryBean : Closing JPA EntityManagerFactory for persistence unit 'default'
2018-03-05 21:53:29.329  INFO 11704 --- [restartedMain] F.S.SpringbootWebApplication             : Starting SpringbootWebApplication on DESKTOP-8QHF7JP with PID 11704 (E:\Users\83990\eclipse-workspace\SpringbootWeb\SpringbootWeb\target\classes started by 83990 in E:\Users\83990\eclipse-workspace\SpringbootWeb\SpringbootWeb)
2018-03-05 21:53:29.330  INFO 11704 --- [restartedMain] F.S.SpringbootWebApplication             : No active profile set, falling back to default profiles: default
2018-03-05 21:53:29.332  INFO 11704 --- [restartedMain] ationConfigEmbeddedWebApplicationContext : Refreshing org.springframework.boot.context.embedded.AnnotationConfigEmbeddedWebApplicationContext@547c005: startup date [Mon Mar 05 21:53:29 CST 2018]; root of context hierarchy
2018-03-05 21:53:31.680  INFO 3448 --- [restartedMain] F.S.SpringbootWebApplication             : Starting SpringbootWebApplication on DESKTOP-8QHF7JP with PID 3448 (E:\Users\83990\eclipse-workspace\SpringbootWeb\SpringbootWeb\target\classes started by 83990 in E:\Users\83990\eclipse-workspace\SpringbootWeb\SpringbootWeb)
2018-03-05 21:53:31.681  INFO 3448 --- [restartedMain] F.S.SpringbootWebApplication             : No active profile set, falling back to default profiles: default
2018-03-05 21:53:31.740  INFO 3448 --- [restartedMain] ationConfigEmbeddedWebApplicationContext : Refreshing org.springframework.boot.context.embedded.AnnotationConfigEmbeddedWebApplicationContext@381c7af4: startup date [Mon Mar 05 21:53:31 CST 2018]; root of context hierarchy
2018-03-05 21:53:32.513  WARN 3448 --- [restartedMain] o.m.s.mapper.ClassPathMapperScanner      : No MyBatis mapper was found in '[FrankLee.SpringbootWeb]' package. Please check your configuration.
2018-03-05 21:53:33.085  INFO 3448 --- [restartedMain] trationDelegate$BeanPostProcessorChecker : Bean 'org.springframework.transaction.annotation.ProxyTransactionManagementConfiguration' of type [org.springframework.transaction.annotation.ProxyTransactionManagementConfiguration$$EnhancerBySpringCGLIB$$22de894e] is not eligible for getting processed by all BeanPostProcessors (for example: not eligible for auto-proxying)
2018-03-05 21:53:33.745  INFO 3448 --- [restartedMain] s.b.c.e.t.TomcatEmbeddedServletContainer : Tomcat initialized with port(s): 8080 (http)
2018-03-05 21:53:33.762  INFO 3448 --- [restartedMain] o.apache.catalina.core.StandardService   : Starting service [Tomcat]
2018-03-05 21:53:33.763  INFO 3448 --- [restartedMain] org.apache.catalina.core.StandardEngine  : Starting Servlet Engine: Apache Tomcat/8.5.27
2018-03-05 21:53:33.905  INFO 3448 --- [localhost-startStop-1] o.a.c.c.C.[.[.[/SpringbootWeb/demo]      : Initializing Spring embedded WebApplicationContext
2018-03-05 21:53:33.905  INFO 3448 --- [localhost-startStop-1] o.s.web.context.ContextLoader            : Root WebApplicationContext: initialization completed in 2169 ms
2018-03-05 21:53:34.131  INFO 3448 --- [localhost-startStop-1] o.s.b.w.servlet.ServletRegistrationBean  : Mapping servlet: 'dispatcherServlet' to [/]
2018-03-05 21:53:34.136  INFO 3448 --- [localhost-startStop-1] o.s.b.w.servlet.FilterRegistrationBean   : Mapping filter: 'characterEncodingFilter' to: [/*]
2018-03-05 21:53:34.137  INFO 3448 --- [localhost-startStop-1] o.s.b.w.servlet.FilterRegistrationBean   : Mapping filter: 'hiddenHttpMethodFilter' to: [/*]
2018-03-05 21:53:34.137  INFO 3448 --- [localhost-startStop-1] o.s.b.w.servlet.FilterRegistrationBean   : Mapping filter: 'httpPutFormContentFilter' to: [/*]
2018-03-05 21:53:34.137  INFO 3448 --- [localhost-startStop-1] o.s.b.w.servlet.FilterRegistrationBean   : Mapping filter: 'requestContextFilter' to: [/*]
2018-03-05 21:53:34.137  INFO 3448 --- [localhost-startStop-1] o.s.b.w.servlet.FilterRegistrationBean   : Mapping filter: 'TestFilter' to urls: [/*]
2018-03-05 21:53:34.921  INFO 3448 --- [restartedMain] j.LocalContainerEntityManagerFactoryBean : Building JPA container EntityManagerFactory for persistence unit 'default'
2018-03-05 21:53:35.583  INFO 3448 --- [restartedMain] j.LocalContainerEntityManagerFactoryBean : Initialized JPA EntityManagerFactory for persistence unit 'default'
2018-03-05 21:53:35.951  INFO 3448 --- [restartedMain] s.w.s.m.m.a.RequestMappingHandlerAdapter : Looking for @ControllerAdvice: org.springframework.boot.context.embedded.AnnotationConfigEmbeddedWebApplicationContext@381c7af4: startup date [Mon Mar 05 21:53:31 CST 2018]; root of context hierarchy
2018-03-05 21:53:36.049  INFO 3448 --- [restartedMain] s.w.s.m.m.a.RequestMappingHandlerMapping : Mapped "{[/test]}" onto public java.lang.String FrankLee.SpringbootWeb.controller.TestController.TestSpringBoot()
2018-03-05 21:53:36.053  INFO 3448 --- [restartedMain] s.w.s.m.m.a.RequestMappingHandlerMapping : Mapped "{[/error]}" onto public org.springframework.http.ResponseEntity<java.util.Map<java.lang.String, java.lang.Object>> org.springframework.boot.autoconfigure.web.BasicErrorController.error(javax.servlet.http.HttpServletRequest)
2018-03-05 21:53:36.054  INFO 3448 --- [restartedMain] s.w.s.m.m.a.RequestMappingHandlerMapping : Mapped "{[/error],produces=[text/html]}" onto public org.springframework.web.servlet.ModelAndView org.springframework.boot.autoconfigure.web.BasicErrorController.errorHtml(javax.servlet.http.HttpServletRequest,javax.servlet.http.HttpServletResponse)
2018-03-05 21:53:36.090  INFO 3448 --- [restartedMain] o.s.w.s.handler.SimpleUrlHandlerMapping  : Mapped URL path [/webjars/**] onto handler of type [class org.springframework.web.servlet.resource.ResourceHttpRequestHandler]
2018-03-05 21:53:36.091  INFO 3448 --- [restartedMain] o.s.w.s.handler.SimpleUrlHandlerMapping  : Mapped URL path [/**] onto handler of type [class org.springframework.web.servlet.resource.ResourceHttpRequestHandler]
2018-03-05 21:53:36.148  INFO 3448 --- [restartedMain] o.s.w.s.handler.SimpleUrlHandlerMapping  : Mapped URL path [/**/favicon.ico] onto handler of type [class org.springframework.web.servlet.resource.ResourceHttpRequestHandler]
2018-03-05 21:53:36.520  INFO 3448 --- [restartedMain] o.s.b.d.a.OptionalLiveReloadServer       : LiveReload server is running on port 35729
2018-03-05 21:53:36.593  INFO 3448 --- [restartedMain] o.s.j.e.a.AnnotationMBeanExporter        : Registering beans for JMX exposure on startup
2018-03-05 21:53:36.660  INFO 3448 --- [restartedMain] s.b.c.e.t.TomcatEmbeddedServletContainer : Tomcat started on port(s): 8080 (http)
2018-03-05 21:53:36.665  INFO 3448 --- [restartedMain] F.S.SpringbootWebApplication             : Started SpringbootWebApplication in 5.406 seconds (JVM running for 5.951)
2018-03-05 21:54:17.000  INFO 3448 --- [Thread-7] ationConfigEmbeddedWebApplicationContext : Closing org.springframework.boot.context.embedded.AnnotationConfigEmbeddedWebApplicationContext@381c7af4: startup date [Mon Mar 05 21:53:31 CST 2018]; root of context hierarchy
2018-03-05 21:54:17.002  INFO 3448 --- [Thread-7] o.s.j.e.a.AnnotationMBeanExporter        : Unregistering JMX-exposed beans on shutdown
2018-03-05 21:54:17.003  INFO 3448 --- [Thread-7] j.LocalContainerEntityManagerFactoryBean : Closing JPA EntityManagerFactory for persistence unit 'default'
2018-03-05 21:54:17.295  INFO 3448 --- [restartedMain] F.S.SpringbootWebApplication             : Starting SpringbootWebApplication on DESKTOP-8QHF7JP with PID 3448 (E:\Users\83990\eclipse-workspace\SpringbootWeb\SpringbootWeb\target\classes started by 83990 in E:\Users\83990\eclipse-workspace\SpringbootWeb\SpringbootWeb)
2018-03-05 21:54:17.295  INFO 3448 --- [restartedMain] F.S.SpringbootWebApplication             : No active profile set, falling back to default profiles: default
2018-03-05 21:54:17.298  INFO 3448 --- [restartedMain] ationConfigEmbeddedWebApplicationContext : Refreshing org.springframework.boot.context.embedded.AnnotationConfigEmbeddedWebApplicationContext@323e797: startup date [Mon Mar 05 21:54:17 CST 2018]; root of context hierarchy
2018-03-05 21:54:17.633  WARN 3448 --- [restartedMain] o.m.s.mapper.ClassPathMapperScanner      : No MyBatis mapper was found in '[FrankLee.SpringbootWeb]' package. Please check your configuration.
2018-03-05 21:54:17.732  INFO 3448 --- [restartedMain] trationDelegate$BeanPostProcessorChecker : Bean 'org.springframework.transaction.annotation.ProxyTransactionManagementConfiguration' of type [org.springframework.transaction.annotation.ProxyTransactionManagementConfiguration$$EnhancerBySpringCGLIB$$22de894e] is not eligible for getting processed by all BeanPostProcessors (for example: not eligible for auto-proxying)
2018-03-05 21:54:17.842  INFO 3448 --- [restartedMain] s.b.c.e.t.TomcatEmbeddedServletContainer : Tomcat initialized with port(s): 8080 (http)
2018-03-05 21:54:17.844  INFO 3448 --- [restartedMain] o.apache.catalina.core.StandardService   : Starting service [Tomcat]
2018-03-05 21:54:17.844  INFO 3448 --- [restartedMain] org.apache.catalina.core.StandardEngine  : Starting Servlet Engine: Apache Tomcat/8.5.27
2018-03-05 21:54:17.872  INFO 3448 --- [localhost-startStop-1] o.a.c.c.C.[.[.[/SpringbootWeb/demo]      : Initializing Spring embedded WebApplicationContext
2018-03-05 21:54:17.874  INFO 3448 --- [localhost-startStop-1] o.s.web.context.ContextLoader            : Root WebApplicationContext: initialization completed in 576 ms
2018-03-05 21:54:17.927  INFO 3448 --- [localhost-startStop-1] o.s.b.w.servlet.ServletRegistrationBean  : Mapping servlet: 'dispatcherServlet' to [/]
2018-03-05 21:54:17.928  INFO 3448 --- [localhost-startStop-1] o.s.b.w.servlet.FilterRegistrationBean   : Mapping filter: 'characterEncodingFilter' to: [/*]
2018-03-05 21:54:17.929  INFO 3448 --- [localhost-startStop-1] o.s.b.w.servlet.FilterRegistrationBean   : Mapping filter: 'hiddenHttpMethodFilter' to: [/*]
2018-03-05 21:54:17.929  INFO 3448 --- [localhost-startStop-1] o.s.b.w.servlet.FilterRegistrationBean   : Mapping filter: 'httpPutFormContentFilter' to: [/*]
2018-03-05 21:54:17.929  INFO 3448 --- [localhost-startStop-1] o.s.b.w.servlet.FilterRegistrationBean   : Mapping filter: 'requestContextFilter' to: [/*]
2018-03-05 21:54:17.929  INFO 3448 --- [localhost-startStop-1] o.s.b.w.servlet.FilterRegistrationBean   : Mapping filter: 'TestFilter' to urls: [/*]
2018-03-05 21:54:18.106  INFO 3448 --- [restartedMain] j.LocalContainerEntityManagerFactoryBean : Building JPA container EntityManagerFactory for persistence unit 'default'
2018-03-05 21:54:18.127  INFO 3448 --- [restartedMain] j.LocalContainerEntityManagerFactoryBean : Initialized JPA EntityManagerFactory for persistence unit 'default'
2018-03-05 21:54:18.227  INFO 3448 --- [restartedMain] s.w.s.m.m.a.RequestMappingHandlerAdapter : Looking for @ControllerAdvice: org.springframework.boot.context.embedded.AnnotationConfigEmbeddedWebApplicationContext@323e797: startup date [Mon Mar 05 21:54:17 CST 2018]; root of context hierarchy
2018-03-05 21:54:18.238  INFO 3448 --- [restartedMain] s.w.s.m.m.a.RequestMappingHandlerMapping : Mapped "{[/test]}" onto public java.lang.String FrankLee.SpringbootWeb.controller.TestController.TestSpringBoot()
2018-03-05 21:54:18.240  INFO 3448 --- [restartedMain] s.w.s.m.m.a.RequestMappingHandlerMapping : Mapped "{[/error]}" onto public org.springframework.http.ResponseEntity<java.util.Map<java.lang.String, java.lang.Object>> org.springframework.boot.autoconfigure.web.BasicErrorController.error(javax.servlet.http.HttpServletRequest)
2018-03-05 21:54:18.241  INFO 3448 --- [restartedMain] s.w.s.m.m.a.RequestMappingHandlerMapping : Mapped "{[/error],produces=[text/html]}" onto public org.springframework.web.servlet.ModelAndView org.springframework.boot.autoconfigure.web.BasicErrorController.errorHtml(javax.servlet.http.HttpServletRequest,javax.servlet.http.HttpServletResponse)
2018-03-05 21:54:18.250  INFO 3448 --- [restartedMain] o.s.w.s.handler.SimpleUrlHandlerMapping  : Mapped URL path [/webjars/**] onto handler of type [class org.springframework.web.servlet.resource.ResourceHttpRequestHandler]
2018-03-05 21:54:18.251  INFO 3448 --- [restartedMain] o.s.w.s.handler.SimpleUrlHandlerMapping  : Mapped URL path [/**] onto handler of type [class org.springframework.web.servlet.resource.ResourceHttpRequestHandler]
2018-03-05 21:54:18.266  INFO 3448 --- [restartedMain] o.s.w.s.handler.SimpleUrlHandlerMapping  : Mapped URL path [/**/favicon.ico] onto handler of type [class org.springframework.web.servlet.resource.ResourceHttpRequestHandler]
2018-03-05 21:54:18.330  INFO 3448 --- [restartedMain] o.s.b.d.a.OptionalLiveReloadServer       : LiveReload server is running on port 35729
2018-03-05 21:54:18.406  INFO 3448 --- [restartedMain] o.s.j.e.a.AnnotationMBeanExporter        : Registering beans for JMX exposure on startup
2018-03-05 21:54:18.421  INFO 3448 --- [restartedMain] s.b.c.e.t.TomcatEmbeddedServletContainer : Tomcat started on port(s): 8080 (http)
2018-03-05 21:54:18.423  INFO 3448 --- [restartedMain] F.S.SpringbootWebApplication             : Started SpringbootWebApplication in 1.189 seconds (JVM running for 47.708)
2018-03-05 21:58:35.312  INFO 3448 --- [Thread-11] ationConfigEmbeddedWebApplicationContext : Closing org.springframework.boot.context.embedded.AnnotationConfigEmbeddedWebApplicationContext@323e797: startup date [Mon Mar 05 21:54:17 CST 2018]; root of context hierarchy
2018-03-05 21:58:35.313  INFO 3448 --- [Thread-11] o.s.j.e.a.AnnotationMBeanExporter        : Unregistering JMX-exposed beans on shutdown
2018-03-05 21:58:35.314  INFO 3448 --- [Thread-11] j.LocalContainerEntityManagerFactoryBean : Closing JPA EntityManagerFactory for persistence unit 'default'
